[0413/211807.554:ERROR:process_reader_win.cc(123)] NtOpenThread: {Access Denied} A process has requested access to an object, but has not been granted those access rights. (0xc0000022)
[0413/211807.554:ERROR:process_reader_win.cc(123)] NtOpenThread: {Access Denied} A process has requested access to an object, but has not been granted those access rights. (0xc0000022)
[0413/211807.554:ERROR:process_reader_win.cc(123)] NtOpenThread: {Access Denied} A process has requested access to an object, but has not been granted those access rights. (0xc0000022)
[0413/211809.351:ERROR:exception_snapshot_win.cc(98)] thread ID 8440 not found in process
[0413/211809.351:ERROR:exception_snapshot_win.cc(98)] thread ID 2800 not found in process
[0413/211809.351:ERROR:exception_snapshot_win.cc(98)] thread ID 5312 not found in process
[0414/210322.139:ERROR:crash_report_database_win.cc(469)] failed to stat report
[0414/211322.149:ERROR:crash_report_database_win.cc(469)] failed to stat report
[0414/211322.149:ERROR:crash_report_database_win.cc(469)] failed to stat report
[0414/211822.150:ERROR:crash_report_database_win.cc(469)] failed to stat report
[0415/120816.632:ERROR:crash_report_database_win.cc(469)] failed to stat report
[0415/121248.958:ERROR:crash_report_database_win.cc(469)] failed to stat report
[0415/123154.647:ERROR:crash_report_database_win.cc(469)] failed to stat report
[0415/123429.459:ERROR:crash_report_database_win.cc(469)] failed to stat report
[0415/141657.666:ERROR:crash_report_database_win.cc(469)] failed to stat report
[0415/142657.677:ERROR:crash_report_database_win.cc(469)] failed to stat report
[0415/142657.677:ERROR:crash_report_database_win.cc(469)] failed to stat report
[0415/143157.667:ERROR:crash_report_database_win.cc(469)] failed to stat report
[0415/144657.678:ERROR:crash_report_database_win.cc(469)] failed to stat report
[0415/150053.014:ERROR:crash_report_database_win.cc(469)] failed to stat report
[0415/150157.680:ERROR:crash_report_database_win.cc(469)] failed to stat report
[0415/151657.681:ERROR:crash_report_database_win.cc(469)] failed to stat report
[0415/153157.692:ERROR:crash_report_database_win.cc(469)] failed to stat report
[0415/154657.704:ERROR:crash_report_database_win.cc(469)] failed to stat report
[0415/160157.711:ERROR:crash_report_database_win.cc(469)] failed to stat report
[0415/161657.716:ERROR:crash_report_database_win.cc(469)] failed to stat report
[0415/161832.517:ERROR:crash_report_database_win.cc(469)] failed to stat report
[0415/163157.760:ERROR:crash_report_database_win.cc(469)] failed to stat report
[0415/163253.265:ERROR:crash_report_database_win.cc(469)] failed to stat report
[0415/164657.806:ERROR:crash_report_database_win.cc(469)] failed to stat report
[0415/170157.811:ERROR:crash_report_database_win.cc(469)] failed to stat report
[0415/172748.370:ERROR:crash_report_database_win.cc(469)] failed to stat report
[0415/200117.426:ERROR:crash_report_database_win.cc(469)] failed to stat report
[0415/201117.529:ERROR:crash_report_database_win.cc(469)] failed to stat report
[0415/201117.529:ERROR:crash_report_database_win.cc(469)] failed to stat report
[0415/201617.460:ERROR:crash_report_database_win.cc(469)] failed to stat report
[0415/203117.609:ERROR:crash_report_database_win.cc(469)] failed to stat report
[0415/203142.809:ERROR:crash_report_database_win.cc(469)] failed to stat report
[0415/204617.631:ERROR:crash_report_database_win.cc(469)] failed to stat report
[0415/210117.632:ERROR:crash_report_database_win.cc(469)] failed to stat report
[0415/211617.633:ERROR:crash_report_database_win.cc(469)] failed to stat report
[0415/213117.658:ERROR:crash_report_database_win.cc(469)] failed to stat report
[0415/214617.659:ERROR:crash_report_database_win.cc(469)] failed to stat report
[0416/090724.636:ERROR:crash_report_database_win.cc(469)] failed to stat report
[0416/091724.678:ERROR:crash_report_database_win.cc(469)] failed to stat report
[0416/091724.678:ERROR:crash_report_database_win.cc(469)] failed to stat report
[0416/092224.684:ERROR:crash_report_database_win.cc(469)] failed to stat report
[0416/093724.698:ERROR:crash_report_database_win.cc(469)] failed to stat report
[0416/095224.731:ERROR:crash_report_database_win.cc(469)] failed to stat report
[0416/100724.731:ERROR:crash_report_database_win.cc(469)] failed to stat report
[0416/102224.749:ERROR:crash_report_database_win.cc(469)] failed to stat report
[0416/103724.749:ERROR:crash_report_database_win.cc(469)] failed to stat report
[0416/105224.756:ERROR:crash_report_database_win.cc(469)] failed to stat report
[0416/113830.295:ERROR:crash_report_database_win.cc(469)] failed to stat report
[0416/140315.477:ERROR:crash_report_database_win.cc(469)] failed to stat report
[0416/141315.570:ERROR:crash_report_database_win.cc(469)] failed to stat report
[0416/141315.570:ERROR:crash_report_database_win.cc(469)] failed to stat report
[0416/141815.493:ERROR:crash_report_database_win.cc(469)] failed to stat report
[0416/143315.525:ERROR:crash_report_database_win.cc(469)] failed to stat report
[0416/144815.551:ERROR:crash_report_database_win.cc(469)] failed to stat report
[0416/150315.563:ERROR:crash_report_database_win.cc(469)] failed to stat report
[0416/151815.567:ERROR:crash_report_database_win.cc(469)] failed to stat report
[0416/153315.656:ERROR:crash_report_database_win.cc(469)] failed to stat report
[0416/154815.668:ERROR:crash_report_database_win.cc(469)] failed to stat report
[0416/160315.695:ERROR:crash_report_database_win.cc(469)] failed to stat report
[0416/161815.701:ERROR:crash_report_database_win.cc(469)] failed to stat report
[0416/163315.705:ERROR:crash_report_database_win.cc(469)] failed to stat report
[0416/164815.717:ERROR:crash_report_database_win.cc(469)] failed to stat report
[0416/170315.721:ERROR:crash_report_database_win.cc(469)] failed to stat report
[0416/171815.725:ERROR:crash_report_database_win.cc(469)] failed to stat report
[0416/200542.530:ERROR:crash_report_database_win.cc(469)] failed to stat report
[0416/204128.270:ERROR:crash_report_database_win.cc(469)] failed to stat report
[0417/091030.888:ERROR:crash_report_database_win.cc(469)] failed to stat report
[0417/092030.945:ERROR:crash_report_database_win.cc(469)] failed to stat report
[0417/092030.945:ERROR:crash_report_database_win.cc(469)] failed to stat report
[0417/092530.962:ERROR:crash_report_database_win.cc(469)] failed to stat report
[0417/094030.988:ERROR:crash_report_database_win.cc(469)] failed to stat report
[0417/095531.005:ERROR:crash_report_database_win.cc(469)] failed to stat report
[0417/101031.006:ERROR:crash_report_database_win.cc(469)] failed to stat report
[0417/102531.008:ERROR:crash_report_database_win.cc(469)] failed to stat report
[0417/104031.019:ERROR:crash_report_database_win.cc(469)] failed to stat report
[0417/105531.036:ERROR:crash_report_database_win.cc(469)] failed to stat report
[0417/111031.087:ERROR:crash_report_database_win.cc(469)] failed to stat report
[0417/112531.101:ERROR:crash_report_database_win.cc(469)] failed to stat report
[0417/114031.215:ERROR:crash_report_database_win.cc(469)] failed to stat report
[0417/115531.237:ERROR:crash_report_database_win.cc(469)] failed to stat report
[0417/121031.265:ERROR:crash_report_database_win.cc(469)] failed to stat report
[0417/122531.274:ERROR:crash_report_database_win.cc(469)] failed to stat report
[0417/140716.186:ERROR:crash_report_database_win.cc(469)] failed to stat report
[0417/141716.186:ERROR:crash_report_database_win.cc(469)] failed to stat report
[0417/141716.186:ERROR:crash_report_database_win.cc(469)] failed to stat report
[0417/142216.187:ERROR:crash_report_database_win.cc(469)] failed to stat report
[0417/144946.609:ERROR:crash_report_database_win.cc(469)] failed to stat report
[0417/202119.680:ERROR:crash_report_database_win.cc(469)] failed to stat report
[0417/203119.696:ERROR:crash_report_database_win.cc(469)] failed to stat report
[0417/203119.696:ERROR:crash_report_database_win.cc(469)] failed to stat report
[0417/203619.695:ERROR:crash_report_database_win.cc(469)] failed to stat report
[0417/205119.696:ERROR:crash_report_database_win.cc(469)] failed to stat report
[0417/210619.721:ERROR:crash_report_database_win.cc(469)] failed to stat report
[0417/210939.443:ERROR:crash_report_database_win.cc(469)] failed to stat report
[0417/212119.788:ERROR:crash_report_database_win.cc(469)] failed to stat report
[0417/213619.794:ERROR:crash_report_database_win.cc(469)] failed to stat report
[0417/215119.805:ERROR:crash_report_database_win.cc(469)] failed to stat report
[0418/095525.017:ERROR:crash_report_database_win.cc(469)] failed to stat report
[0418/100525.057:ERROR:crash_report_database_win.cc(469)] failed to stat report
[0418/100525.057:ERROR:crash_report_database_win.cc(469)] failed to stat report
[0418/101025.050:ERROR:crash_report_database_win.cc(469)] failed to stat report
[0418/102525.066:ERROR:crash_report_database_win.cc(469)] failed to stat report
[0418/104025.076:ERROR:crash_report_database_win.cc(469)] failed to stat report
[0418/105525.082:ERROR:crash_report_database_win.cc(469)] failed to stat report
[0418/111025.121:ERROR:crash_report_database_win.cc(469)] failed to stat report
[0418/112525.133:ERROR:crash_report_database_win.cc(469)] failed to stat report
[0418/114025.133:ERROR:crash_report_database_win.cc(469)] failed to stat report
[0418/115525.142:ERROR:crash_report_database_win.cc(469)] failed to stat report
[0418/121025.145:ERROR:crash_report_database_win.cc(469)] failed to stat report
[0418/122525.176:ERROR:crash_report_database_win.cc(469)] failed to stat report
[0418/171053.327:ERROR:crash_report_database_win.cc(469)] failed to stat report
[0420/092111.815:ERROR:crash_report_database_win.cc(469)] failed to stat report
[0420/140759.994:ERROR:crash_report_database_win.cc(469)] failed to stat report
[0420/141800.006:ERROR:crash_report_database_win.cc(469)] failed to stat report
[0420/141800.007:ERROR:crash_report_database_win.cc(469)] failed to stat report
[0420/142300.037:ERROR:crash_report_database_win.cc(469)] failed to stat report
[0420/143800.082:ERROR:crash_report_database_win.cc(469)] failed to stat report
[0420/145303.625:ERROR:crash_report_database_win.cc(469)] failed to stat report
[0420/150803.654:ERROR:crash_report_database_win.cc(469)] failed to stat report
[0420/152303.699:ERROR:crash_report_database_win.cc(469)] failed to stat report
[0420/153803.700:ERROR:crash_report_database_win.cc(469)] failed to stat report
[0420/155303.722:ERROR:crash_report_database_win.cc(469)] failed to stat report
[0420/160803.724:ERROR:crash_report_database_win.cc(469)] failed to stat report
[0420/162303.725:ERROR:crash_report_database_win.cc(469)] failed to stat report
[0420/163803.730:ERROR:crash_report_database_win.cc(469)] failed to stat report
[0420/165303.739:ERROR:crash_report_database_win.cc(469)] failed to stat report
[0420/193438.327:ERROR:crash_report_database_win.cc(469)] failed to stat report
[0420/194938.328:ERROR:crash_report_database_win.cc(469)] failed to stat report
[0420/200438.344:ERROR:crash_report_database_win.cc(469)] failed to stat report
[0420/201938.345:ERROR:crash_report_database_win.cc(469)] failed to stat report
[0420/203438.355:ERROR:crash_report_database_win.cc(469)] failed to stat report
[0420/204938.357:ERROR:crash_report_database_win.cc(469)] failed to stat report
[0420/210438.370:ERROR:crash_report_database_win.cc(469)] failed to stat report
[0420/211938.370:ERROR:crash_report_database_win.cc(469)] failed to stat report
[0420/213438.373:ERROR:crash_report_database_win.cc(469)] failed to stat report
[0420/214938.383:ERROR:crash_report_database_win.cc(469)] failed to stat report
[0420/220438.385:ERROR:crash_report_database_win.cc(469)] failed to stat report
[0420/221938.386:ERROR:crash_report_database_win.cc(469)] failed to stat report
[0421/090845.815:ERROR:crash_report_database_win.cc(469)] failed to stat report
[0421/091845.935:ERROR:crash_report_database_win.cc(469)] failed to stat report
[0421/091845.935:ERROR:crash_report_database_win.cc(469)] failed to stat report
[0421/092345.842:ERROR:crash_report_database_win.cc(469)] failed to stat report
[0421/093845.862:ERROR:crash_report_database_win.cc(469)] failed to stat report
[0421/095346.027:ERROR:crash_report_database_win.cc(469)] failed to stat report
[0421/100846.028:ERROR:crash_report_database_win.cc(469)] failed to stat report
[0421/102346.031:ERROR:crash_report_database_win.cc(469)] failed to stat report
[0421/103846.044:ERROR:crash_report_database_win.cc(469)] failed to stat report
[0421/105346.060:ERROR:crash_report_database_win.cc(469)] failed to stat report
[0421/112656.509:ERROR:crash_report_database_win.cc(469)] failed to stat report
[0421/114156.528:ERROR:crash_report_database_win.cc(469)] failed to stat report
[0421/115656.585:ERROR:crash_report_database_win.cc(469)] failed to stat report
[0421/120407.577:ERROR:crash_report_database_win.cc(469)] failed to stat report
[0421/121407.613:ERROR:crash_report_database_win.cc(469)] failed to stat report
[0421/121407.613:ERROR:crash_report_database_win.cc(469)] failed to stat report
[0421/121907.582:ERROR:crash_report_database_win.cc(469)] failed to stat report
[0421/123407.584:ERROR:crash_report_database_win.cc(469)] failed to stat report
[0421/124907.587:ERROR:crash_report_database_win.cc(469)] failed to stat report
[0421/130407.588:ERROR:crash_report_database_win.cc(469)] failed to stat report
[0421/204201.081:ERROR:crash_report_database_win.cc(469)] failed to stat report
[0422/090412.359:ERROR:crash_report_database_win.cc(469)] failed to stat report
[0422/091412.426:ERROR:crash_report_database_win.cc(469)] failed to stat report
[0422/091412.426:ERROR:crash_report_database_win.cc(469)] failed to stat report
[0422/091912.424:ERROR:crash_report_database_win.cc(469)] failed to stat report
[0422/093412.464:ERROR:crash_report_database_win.cc(469)] failed to stat report
[0422/094912.465:ERROR:crash_report_database_win.cc(469)] failed to stat report
[0422/100412.468:ERROR:crash_report_database_win.cc(469)] failed to stat report
[0422/101912.470:ERROR:crash_report_database_win.cc(469)] failed to stat report
[0422/103412.473:ERROR:crash_report_database_win.cc(469)] failed to stat report
[0422/103914.270:ERROR:crash_report_database_win.cc(469)] failed to stat report
[0422/104912.480:ERROR:crash_report_database_win.cc(469)] failed to stat report
[0422/110412.487:ERROR:crash_report_database_win.cc(469)] failed to stat report
[0422/135158.409:ERROR:crash_report_database_win.cc(469)] failed to stat report
[0422/140158.415:ERROR:crash_report_database_win.cc(469)] failed to stat report
[0422/140158.415:ERROR:crash_report_database_win.cc(469)] failed to stat report
[0422/140658.417:ERROR:crash_report_database_win.cc(469)] failed to stat report
[0422/142158.468:ERROR:crash_report_database_win.cc(469)] failed to stat report
[0422/143658.468:ERROR:crash_report_database_win.cc(469)] failed to stat report
[0422/145158.476:ERROR:crash_report_database_win.cc(469)] failed to stat report
[0422/150658.487:ERROR:crash_report_database_win.cc(469)] failed to stat report
[0422/152158.504:ERROR:crash_report_database_win.cc(469)] failed to stat report
[0422/153658.511:ERROR:crash_report_database_win.cc(469)] failed to stat report
[0422/155158.512:ERROR:crash_report_database_win.cc(469)] failed to stat report
[0422/160658.517:ERROR:crash_report_database_win.cc(469)] failed to stat report
[0422/162158.519:ERROR:crash_report_database_win.cc(469)] failed to stat report
[0422/163658.543:ERROR:crash_report_database_win.cc(469)] failed to stat report
[0422/165158.553:ERROR:crash_report_database_win.cc(469)] failed to stat report
[0422/170658.590:ERROR:crash_report_database_win.cc(469)] failed to stat report
[0422/200758.211:ERROR:crash_report_database_win.cc(469)] failed to stat report
[0422/201758.231:ERROR:crash_report_database_win.cc(469)] failed to stat report
[0422/201758.231:ERROR:crash_report_database_win.cc(469)] failed to stat report
[0422/202258.212:ERROR:crash_report_database_win.cc(469)] failed to stat report
[0422/203758.213:ERROR:crash_report_database_win.cc(469)] failed to stat report
[0422/205258.530:ERROR:crash_report_database_win.cc(469)] failed to stat report
[0423/110814.860:ERROR:crash_report_database_win.cc(469)] failed to stat report
[0423/143209.748:ERROR:crash_report_database_win.cc(469)] failed to stat report
[0423/144209.765:ERROR:crash_report_database_win.cc(469)] failed to stat report
[0423/144209.765:ERROR:crash_report_database_win.cc(469)] failed to stat report
[0423/144709.754:ERROR:crash_report_database_win.cc(469)] failed to stat report
[0423/150209.767:ERROR:crash_report_database_win.cc(469)] failed to stat report
[0423/151709.790:ERROR:crash_report_database_win.cc(469)] failed to stat report
[0423/153209.804:ERROR:crash_report_database_win.cc(469)] failed to stat report
[0423/154709.805:ERROR:crash_report_database_win.cc(469)] failed to stat report
[0423/154821.695:ERROR:crash_report_database_win.cc(469)] failed to stat report
[0423/160209.841:ERROR:crash_report_database_win.cc(469)] failed to stat report
[0423/161709.888:ERROR:crash_report_database_win.cc(469)] failed to stat report
[0423/163209.929:ERROR:crash_report_database_win.cc(469)] failed to stat report
[0423/164709.934:ERROR:crash_report_database_win.cc(469)] failed to stat report
[0423/170209.934:ERROR:crash_report_database_win.cc(469)] failed to stat report
[0423/171946.194:ERROR:crash_report_database_win.cc(469)] failed to stat report
[0423/172946.236:ERROR:crash_report_database_win.cc(469)] failed to stat report
[0423/172946.236:ERROR:crash_report_database_win.cc(469)] failed to stat report
[0423/200029.008:ERROR:crash_report_database_win.cc(469)] failed to stat report
[0423/201029.010:ERROR:crash_report_database_win.cc(469)] failed to stat report
[0423/201029.010:ERROR:crash_report_database_win.cc(469)] failed to stat report
[0423/201529.009:ERROR:crash_report_database_win.cc(469)] failed to stat report
[0423/203029.020:ERROR:crash_report_database_win.cc(469)] failed to stat report
[0423/204529.023:ERROR:crash_report_database_win.cc(469)] failed to stat report
[0423/210029.033:ERROR:crash_report_database_win.cc(469)] failed to stat report
[0423/211529.048:ERROR:crash_report_database_win.cc(469)] failed to stat report
[0423/213029.055:ERROR:crash_report_database_win.cc(469)] failed to stat report
[0423/214529.059:ERROR:crash_report_database_win.cc(469)] failed to stat report
[0424/102005.921:ERROR:crash_report_database_win.cc(469)] failed to stat report
[0424/142236.737:ERROR:crash_report_database_win.cc(469)] failed to stat report
[0424/163742.341:ERROR:crash_report_database_win.cc(469)] failed to stat report
[0424/171448.383:ERROR:crash_report_database_win.cc(469)] failed to stat report
[0424/172448.698:ERROR:crash_report_database_win.cc(469)] failed to stat report
[0424/172448.698:ERROR:crash_report_database_win.cc(469)] failed to stat report
[0424/172948.403:ERROR:crash_report_database_win.cc(469)] failed to stat report
[0424/195800.573:ERROR:crash_report_database_win.cc(469)] failed to stat report
[0424/200800.602:ERROR:crash_report_database_win.cc(469)] failed to stat report
[0424/200800.615:ERROR:crash_report_database_win.cc(469)] failed to stat report
[0424/201300.576:ERROR:crash_report_database_win.cc(469)] failed to stat report
[0424/202800.577:ERROR:crash_report_database_win.cc(469)] failed to stat report
[0424/204300.601:ERROR:crash_report_database_win.cc(469)] failed to stat report
[0424/205800.604:ERROR:crash_report_database_win.cc(469)] failed to stat report
[0424/211300.633:ERROR:crash_report_database_win.cc(469)] failed to stat report
[0424/212800.633:ERROR:crash_report_database_win.cc(469)] failed to stat report
[0424/214300.692:ERROR:crash_report_database_win.cc(469)] failed to stat report
[0425/090555.699:ERROR:crash_report_database_win.cc(469)] failed to stat report
[0425/091555.722:ERROR:crash_report_database_win.cc(469)] failed to stat report
[0425/091555.722:ERROR:crash_report_database_win.cc(469)] failed to stat report
[0425/092055.893:ERROR:crash_report_database_win.cc(469)] failed to stat report
[0425/093555.894:ERROR:crash_report_database_win.cc(469)] failed to stat report
[0425/095055.912:ERROR:crash_report_database_win.cc(469)] failed to stat report
[0425/100555.919:ERROR:crash_report_database_win.cc(469)] failed to stat report
[0425/102055.941:ERROR:crash_report_database_win.cc(469)] failed to stat report
[0425/140000.935:ERROR:crash_report_database_win.cc(469)] failed to stat report
[0425/141000.946:ERROR:crash_report_database_win.cc(469)] failed to stat report
[0425/141000.946:ERROR:crash_report_database_win.cc(469)] failed to stat report
[0425/141500.981:ERROR:crash_report_database_win.cc(469)] failed to stat report
[0425/143000.991:ERROR:crash_report_database_win.cc(469)] failed to stat report
[0425/144500.991:ERROR:crash_report_database_win.cc(469)] failed to stat report
[0425/150000.991:ERROR:crash_report_database_win.cc(469)] failed to stat report
[0425/151501.041:ERROR:crash_report_database_win.cc(469)] failed to stat report
[0425/153001.041:ERROR:crash_report_database_win.cc(469)] failed to stat report
[0425/154501.046:ERROR:crash_report_database_win.cc(469)] failed to stat report
[0425/160001.090:ERROR:crash_report_database_win.cc(469)] failed to stat report
[0425/161501.121:ERROR:crash_report_database_win.cc(469)] failed to stat report
[0425/163001.122:ERROR:crash_report_database_win.cc(469)] failed to stat report
[0425/164501.161:ERROR:crash_report_database_win.cc(469)] failed to stat report
[0425/170001.279:ERROR:crash_report_database_win.cc(469)] failed to stat report
[0425/171503.347:ERROR:crash_report_database_win.cc(469)] failed to stat report
[0425/173003.516:ERROR:crash_report_database_win.cc(469)] failed to stat report
[0425/195634.295:ERROR:crash_report_database_win.cc(469)] failed to stat report
[0425/200634.305:ERROR:crash_report_database_win.cc(469)] failed to stat report
[0425/200634.305:ERROR:crash_report_database_win.cc(469)] failed to stat report
[0425/201134.304:ERROR:crash_report_database_win.cc(469)] failed to stat report
[0425/202634.318:ERROR:crash_report_database_win.cc(469)] failed to stat report
[0425/204134.320:ERROR:crash_report_database_win.cc(469)] failed to stat report
[0425/205634.323:ERROR:crash_report_database_win.cc(469)] failed to stat report
[0425/211134.325:ERROR:crash_report_database_win.cc(469)] failed to stat report
[0425/212634.333:ERROR:crash_report_database_win.cc(469)] failed to stat report
[0425/214134.358:ERROR:crash_report_database_win.cc(469)] failed to stat report
[0426/000428.439:ERROR:crash_report_database_win.cc(469)] failed to stat report
[0426/001428.438:ERROR:crash_report_database_win.cc(469)] failed to stat report
[0426/001428.438:ERROR:crash_report_database_win.cc(469)] failed to stat report
[0426/001928.454:ERROR:crash_report_database_win.cc(469)] failed to stat report
[0426/003428.467:ERROR:crash_report_database_win.cc(469)] failed to stat report
[0426/004928.474:ERROR:crash_report_database_win.cc(469)] failed to stat report
[0426/010428.498:ERROR:crash_report_database_win.cc(469)] failed to stat report
[0426/011928.500:ERROR:crash_report_database_win.cc(469)] failed to stat report
[0426/013428.504:ERROR:crash_report_database_win.cc(469)] failed to stat report
[0426/100425.207:ERROR:crash_report_database_win.cc(469)] failed to stat report
[0426/101425.223:ERROR:crash_report_database_win.cc(469)] failed to stat report
[0426/101425.223:ERROR:crash_report_database_win.cc(469)] failed to stat report
[0426/101925.224:ERROR:crash_report_database_win.cc(469)] failed to stat report
[0426/103425.224:ERROR:crash_report_database_win.cc(469)] failed to stat report
[0426/104925.239:ERROR:crash_report_database_win.cc(469)] failed to stat report
[0426/110425.244:ERROR:crash_report_database_win.cc(469)] failed to stat report
[0426/111925.259:ERROR:crash_report_database_win.cc(469)] failed to stat report
[0426/113425.260:ERROR:crash_report_database_win.cc(469)] failed to stat report
[0426/135120.193:ERROR:crash_report_database_win.cc(469)] failed to stat report
[0426/140120.177:ERROR:crash_report_database_win.cc(469)] failed to stat report
[0426/140120.177:ERROR:crash_report_database_win.cc(469)] failed to stat report
[0426/140620.208:ERROR:crash_report_database_win.cc(469)] failed to stat report
[0426/144442.101:ERROR:crash_report_database_win.cc(469)] failed to stat report
[0426/145942.155:ERROR:crash_report_database_win.cc(469)] failed to stat report
[0426/151442.181:ERROR:crash_report_database_win.cc(469)] failed to stat report
[0426/152942.193:ERROR:crash_report_database_win.cc(469)] failed to stat report
[0426/154442.195:ERROR:crash_report_database_win.cc(469)] failed to stat report
[0426/155634.360:ERROR:crash_report_database_win.cc(469)] failed to stat report
[0426/160634.399:ERROR:crash_report_database_win.cc(469)] failed to stat report
[0426/160634.421:ERROR:crash_report_database_win.cc(469)] failed to stat report
[0426/161134.374:ERROR:crash_report_database_win.cc(469)] failed to stat report
[0426/162634.375:ERROR:crash_report_database_win.cc(469)] failed to stat report
[0426/164134.385:ERROR:crash_report_database_win.cc(469)] failed to stat report
[0426/165634.450:ERROR:crash_report_database_win.cc(469)] failed to stat report
[0426/171134.492:ERROR:crash_report_database_win.cc(469)] failed to stat report
[0426/172635.248:ERROR:crash_report_database_win.cc(469)] failed to stat report
[0426/173201.687:ERROR:crash_report_database_win.cc(469)] failed to stat report
[0426/174203.456:ERROR:crash_report_database_win.cc(469)] failed to stat report
[0426/174203.692:ERROR:crash_report_database_win.cc(469)] failed to stat report
[0426/174701.781:ERROR:crash_report_database_win.cc(469)] failed to stat report
[0426/180202.025:ERROR:crash_report_database_win.cc(469)] failed to stat report
[0427/090907.482:ERROR:crash_report_database_win.cc(469)] failed to stat report
[0427/091907.605:ERROR:crash_report_database_win.cc(469)] failed to stat report
[0427/091907.609:ERROR:crash_report_database_win.cc(469)] failed to stat report
[0427/092407.571:ERROR:crash_report_database_win.cc(469)] failed to stat report
[0427/093907.574:ERROR:crash_report_database_win.cc(469)] failed to stat report
[0427/095407.581:ERROR:crash_report_database_win.cc(469)] failed to stat report
[0427/100907.592:ERROR:crash_report_database_win.cc(469)] failed to stat report
[0427/102407.597:ERROR:crash_report_database_win.cc(469)] failed to stat report
[0427/103907.605:ERROR:crash_report_database_win.cc(469)] failed to stat report
[0427/105407.615:ERROR:crash_report_database_win.cc(469)] failed to stat report
[0427/110907.618:ERROR:crash_report_database_win.cc(469)] failed to stat report
[0427/112407.618:ERROR:crash_report_database_win.cc(469)] failed to stat report
[0427/113907.629:ERROR:crash_report_database_win.cc(469)] failed to stat report
[0427/115407.640:ERROR:crash_report_database_win.cc(469)] failed to stat report
[0427/120907.647:ERROR:crash_report_database_win.cc(469)] failed to stat report
[0427/122407.671:ERROR:crash_report_database_win.cc(469)] failed to stat report
[0427/153420.656:ERROR:crash_report_database_win.cc(469)] failed to stat report
[0427/154420.670:ERROR:crash_report_database_win.cc(469)] failed to stat report
[0427/154420.670:ERROR:crash_report_database_win.cc(469)] failed to stat report
[0427/154920.660:ERROR:crash_report_database_win.cc(469)] failed to stat report
[0427/162618.335:ERROR:settings.cc(320)] Settings magic is not 1129342067
[0427/162618.366:ERROR:crash_report_database_win.cc(469)] failed to stat report
[0427/163618.375:ERROR:crash_report_database_win.cc(469)] failed to stat report
[0427/163618.375:ERROR:crash_report_database_win.cc(469)] failed to stat report
[0427/164118.381:ERROR:crash_report_database_win.cc(469)] failed to stat report
[0427/165618.410:ERROR:crash_report_database_win.cc(469)] failed to stat report
[0427/171118.413:ERROR:crash_report_database_win.cc(469)] failed to stat report
[0427/172618.419:ERROR:crash_report_database_win.cc(469)] failed to stat report
[0427/200432.093:ERROR:crash_report_database_win.cc(469)] failed to stat report
[0427/201432.093:ERROR:crash_report_database_win.cc(469)] failed to stat report
[0427/201432.094:ERROR:crash_report_database_win.cc(469)] failed to stat report
[0427/201932.108:ERROR:crash_report_database_win.cc(469)] failed to stat report
[0427/203432.144:ERROR:crash_report_database_win.cc(469)] failed to stat report
[0427/204932.185:ERROR:crash_report_database_win.cc(469)] failed to stat report
[0427/210432.186:ERROR:crash_report_database_win.cc(469)] failed to stat report
[0427/211932.196:ERROR:crash_report_database_win.cc(469)] failed to stat report
[0427/213432.197:ERROR:crash_report_database_win.cc(469)] failed to stat report
[0427/214932.212:ERROR:crash_report_database_win.cc(469)] failed to stat report
[0427/220432.232:ERROR:crash_report_database_win.cc(469)] failed to stat report
[0428/093315.064:ERROR:crash_report_database_win.cc(469)] failed to stat report
[0428/094315.090:ERROR:crash_report_database_win.cc(469)] failed to stat report
[0428/094315.090:ERROR:crash_report_database_win.cc(469)] failed to stat report
[0428/094815.114:ERROR:crash_report_database_win.cc(469)] failed to stat report
[0428/100315.157:ERROR:crash_report_database_win.cc(469)] failed to stat report
[0428/101815.179:ERROR:crash_report_database_win.cc(469)] failed to stat report
[0428/103315.185:ERROR:crash_report_database_win.cc(469)] failed to stat report
[0428/104815.219:ERROR:crash_report_database_win.cc(469)] failed to stat report
[0428/110315.223:ERROR:crash_report_database_win.cc(469)] failed to stat report
[0428/111815.225:ERROR:crash_report_database_win.cc(469)] failed to stat report
[0428/113315.227:ERROR:crash_report_database_win.cc(469)] failed to stat report
[0428/113832.478:ERROR:crash_report_database_win.cc(469)] failed to stat report
[0428/114405.334:ERROR:crash_report_database_win.cc(469)] failed to stat report
[0428/114815.230:ERROR:crash_report_database_win.cc(469)] failed to stat report
[0428/115340.875:ERROR:crash_report_database_win.cc(469)] failed to stat report
[0428/115546.249:ERROR:crash_report_database_win.cc(469)] failed to stat report
[0428/120117.215:ERROR:crash_report_database_win.cc(469)] failed to stat report
[0428/120315.233:ERROR:crash_report_database_win.cc(469)] failed to stat report
[0428/121815.268:ERROR:crash_report_database_win.cc(469)] failed to stat report
[0428/123203.705:ERROR:crash_report_database_win.cc(469)] failed to stat report
[0428/123315.344:ERROR:crash_report_database_win.cc(469)] failed to stat report
[0428/135913.526:ERROR:crash_report_database_win.cc(469)] failed to stat report
[0428/140144.841:ERROR:crash_report_database_win.cc(469)] failed to stat report
[0428/140235.668:ERROR:crash_report_database_win.cc(469)] failed to stat report
[0428/140343.165:ERROR:crash_report_database_win.cc(469)] failed to stat report
[0428/140510.489:ERROR:crash_report_database_win.cc(469)] failed to stat report
[0428/140621.242:ERROR:crash_report_database_win.cc(469)] failed to stat report
[0428/140913.535:ERROR:crash_report_database_win.cc(469)] failed to stat report
[0428/140913.535:ERROR:crash_report_database_win.cc(469)] failed to stat report
[0428/140939.862:ERROR:crash_report_database_win.cc(469)] failed to stat report
[0428/141108.290:ERROR:crash_report_database_win.cc(469)] failed to stat report
[0428/141413.527:ERROR:crash_report_database_win.cc(469)] failed to stat report
[0428/142913.545:ERROR:crash_report_database_win.cc(469)] failed to stat report
[0428/144413.564:ERROR:crash_report_database_win.cc(469)] failed to stat report
[0428/145913.577:ERROR:crash_report_database_win.cc(469)] failed to stat report
[0428/151413.586:ERROR:crash_report_database_win.cc(469)] failed to stat report
[0428/152913.586:ERROR:crash_report_database_win.cc(469)] failed to stat report
[0428/155031.229:ERROR:crash_report_database_win.cc(469)] failed to stat report
[0428/160031.245:ERROR:crash_report_database_win.cc(469)] failed to stat report
[0428/160031.245:ERROR:crash_report_database_win.cc(469)] failed to stat report
[0428/160531.295:ERROR:crash_report_database_win.cc(469)] failed to stat report
[0428/162031.327:ERROR:crash_report_database_win.cc(469)] failed to stat report
[0428/163531.333:ERROR:crash_report_database_win.cc(469)] failed to stat report
[0428/165031.335:ERROR:crash_report_database_win.cc(469)] failed to stat report
[0428/170531.344:ERROR:crash_report_database_win.cc(469)] failed to stat report
[0428/172031.346:ERROR:crash_report_database_win.cc(469)] failed to stat report
[0428/200426.871:ERROR:crash_report_database_win.cc(469)] failed to stat report
[0428/201426.899:ERROR:crash_report_database_win.cc(469)] failed to stat report
[0428/201426.930:ERROR:crash_report_database_win.cc(469)] failed to stat report
[0428/201926.897:ERROR:crash_report_database_win.cc(469)] failed to stat report
[0428/203426.911:ERROR:crash_report_database_win.cc(469)] failed to stat report
[0428/204926.920:ERROR:crash_report_database_win.cc(469)] failed to stat report
[0428/210426.929:ERROR:crash_report_database_win.cc(469)] failed to stat report
[0428/210641.446:ERROR:crash_report_database_win.cc(469)] failed to stat report
[0428/211926.977:ERROR:crash_report_database_win.cc(469)] failed to stat report
[0428/213427.008:ERROR:crash_report_database_win.cc(469)] failed to stat report
[0428/214927.039:ERROR:crash_report_database_win.cc(469)] failed to stat report
[0429/092447.135:ERROR:crash_report_database_win.cc(469)] failed to stat report
[0429/093447.120:ERROR:crash_report_database_win.cc(469)] failed to stat report
[0429/093447.121:ERROR:crash_report_database_win.cc(469)] failed to stat report
[0429/093924.348:ERROR:crash_report_database_win.cc(469)] failed to stat report
[0429/093947.185:ERROR:crash_report_database_win.cc(469)] failed to stat report
[0429/095447.185:ERROR:crash_report_database_win.cc(469)] failed to stat report
[0429/100947.189:ERROR:crash_report_database_win.cc(469)] failed to stat report
[0429/102447.190:ERROR:crash_report_database_win.cc(469)] failed to stat report
[0429/103947.222:ERROR:crash_report_database_win.cc(469)] failed to stat report
[0429/105447.227:ERROR:crash_report_database_win.cc(469)] failed to stat report
[0429/110947.244:ERROR:crash_report_database_win.cc(469)] failed to stat report
[0429/112450.580:ERROR:crash_report_database_win.cc(469)] failed to stat report
[0429/113950.880:ERROR:crash_report_database_win.cc(469)] failed to stat report
[0429/115450.880:ERROR:crash_report_database_win.cc(469)] failed to stat report
[0429/120950.885:ERROR:crash_report_database_win.cc(469)] failed to stat report
[0429/122450.891:ERROR:crash_report_database_win.cc(469)] failed to stat report
[0429/143526.368:ERROR:crash_report_database_win.cc(469)] failed to stat report
[0429/160537.317:ERROR:crash_report_database_win.cc(469)] failed to stat report
[0429/202118.495:ERROR:crash_report_database_win.cc(469)] failed to stat report
[0429/203118.518:ERROR:crash_report_database_win.cc(469)] failed to stat report
[0429/203118.518:ERROR:crash_report_database_win.cc(469)] failed to stat report
[0429/203618.506:ERROR:crash_report_database_win.cc(469)] failed to stat report
[0429/205118.413:ERROR:crash_report_database_win.cc(469)] failed to stat report
[0429/210618.291:ERROR:crash_report_database_win.cc(469)] failed to stat report
[0429/212458.587:ERROR:crash_report_database_win.cc(469)] failed to stat report
[0429/213958.601:ERROR:crash_report_database_win.cc(469)] failed to stat report
[0501/092913.333:ERROR:crash_report_database_win.cc(469)] failed to stat report
[0502/095111.265:ERROR:crash_report_database_win.cc(469)] failed to stat report
[0505/153531.582:ERROR:crash_report_database_win.cc(469)] failed to stat report
[0505/153738.285:ERROR:crash_report_database_win.cc(469)] failed to stat report
[0505/201116.121:ERROR:crash_report_database_win.cc(469)] failed to stat report
[0506/113031.552:ERROR:crash_report_database_win.cc(469)] failed to stat report
[0506/140247.667:ERROR:crash_report_database_win.cc(469)] failed to stat report
[0506/141247.714:ERROR:crash_report_database_win.cc(469)] failed to stat report
[0506/141247.714:ERROR:crash_report_database_win.cc(469)] failed to stat report
[0506/141747.712:ERROR:crash_report_database_win.cc(469)] failed to stat report
[0506/143247.728:ERROR:crash_report_database_win.cc(469)] failed to stat report
[0506/144747.745:ERROR:crash_report_database_win.cc(469)] failed to stat report
[0506/145351.525:ERROR:crash_report_database_win.cc(469)] failed to stat report
[0506/150247.766:ERROR:crash_report_database_win.cc(469)] failed to stat report
[0506/150249.509:ERROR:crash_report_database_win.cc(469)] failed to stat report
[0506/151747.853:ERROR:crash_report_database_win.cc(469)] failed to stat report
[0506/153247.886:ERROR:crash_report_database_win.cc(469)] failed to stat report
[0506/154747.896:ERROR:crash_report_database_win.cc(469)] failed to stat report
[0506/160247.925:ERROR:crash_report_database_win.cc(469)] failed to stat report
[0506/161747.998:ERROR:crash_report_database_win.cc(469)] failed to stat report
[0506/163248.045:ERROR:crash_report_database_win.cc(469)] failed to stat report
[0506/164748.071:ERROR:crash_report_database_win.cc(469)] failed to stat report
[0506/170248.083:ERROR:crash_report_database_win.cc(469)] failed to stat report
[0506/171748.098:ERROR:crash_report_database_win.cc(469)] failed to stat report
[0506/173248.113:ERROR:crash_report_database_win.cc(469)] failed to stat report
[0507/095200.472:ERROR:crash_report_database_win.cc(469)] failed to stat report
[0511/140641.605:ERROR:crash_report_database_win.cc(469)] failed to stat report
[0511/141641.612:ERROR:crash_report_database_win.cc(469)] failed to stat report
[0511/141641.612:ERROR:crash_report_database_win.cc(469)] failed to stat report
[0511/142141.638:ERROR:crash_report_database_win.cc(469)] failed to stat report
[0511/143641.678:ERROR:crash_report_database_win.cc(469)] failed to stat report
[0511/145141.700:ERROR:crash_report_database_win.cc(469)] failed to stat report
[0511/150641.743:ERROR:crash_report_database_win.cc(469)] failed to stat report
[0511/152141.744:ERROR:crash_report_database_win.cc(469)] failed to stat report
[0511/153641.746:ERROR:crash_report_database_win.cc(469)] failed to stat report
[0511/155141.747:ERROR:crash_report_database_win.cc(469)] failed to stat report
[0511/160641.774:ERROR:crash_report_database_win.cc(469)] failed to stat report
[0511/162141.777:ERROR:crash_report_database_win.cc(469)] failed to stat report
[0511/163641.841:ERROR:crash_report_database_win.cc(469)] failed to stat report
[0511/165141.917:ERROR:crash_report_database_win.cc(469)] failed to stat report
[0511/170641.920:ERROR:crash_report_database_win.cc(469)] failed to stat report
[0511/172141.922:ERROR:crash_report_database_win.cc(469)] failed to stat report
[0511/203139.801:ERROR:crash_report_database_win.cc(469)] failed to stat report
[0511/204139.787:ERROR:crash_report_database_win.cc(469)] failed to stat report
[0511/204139.795:ERROR:crash_report_database_win.cc(469)] failed to stat report
[0511/204639.860:ERROR:crash_report_database_win.cc(469)] failed to stat report
[0511/210139.868:ERROR:crash_report_database_win.cc(469)] failed to stat report
[0511/211639.915:ERROR:crash_report_database_win.cc(469)] failed to stat report
[0511/213139.920:ERROR:crash_report_database_win.cc(469)] failed to stat report
[0511/214639.934:ERROR:crash_report_database_win.cc(469)] failed to stat report
[0511/220139.993:ERROR:crash_report_database_win.cc(469)] failed to stat report
[0511/221640.003:ERROR:crash_report_database_win.cc(469)] failed to stat report
[0513/204109.311:ERROR:crash_report_database_win.cc(469)] failed to stat report
[0513/213517.369:ERROR:crash_report_database_win.cc(469)] failed to stat report
